<?xml version="1.0" encoding="UTF-8"?>
<testng-results ignored="0" total="1" passed="1" failed="0" skipped="0">
  <reporter-output>
  </reporter-output>
  <suite started-at="2025-04-27T11:10:25 IST" name="Surefire suite" finished-at="2025-04-27T11:10:25 IST" duration-ms="49">
    <groups>
    </groups>
    <test started-at="2025-04-27T11:10:25 IST" name="Surefire test" finished-at="2025-04-27T11:10:25 IST" duration-ms="49">
      <class name="automation.coforge_jenkins.LoginTest">
        <test-method signature="login()[pri:0, instance:automation.coforge_jenkins.LoginTest@3ec300f1]" started-at="2025-04-27T11:10:25 IST" name="login" finished-at="2025-04-27T11:10:25 IST" duration-ms="6" status="PASS">
          <reporter-output>
          </reporter-output>
        </test-method> <!-- login -->
      </class> <!-- automation.coforge_jenkins.LoginTest -->
    </test> <!-- Surefire test -->
  </suite> <!-- Surefire suite -->
</testng-results>
